<?xml version="1.0" encoding="UTF-8"?>
<!-- Generated by org.testng.reporters.JUnitXMLReporter -->
<testsuite ignored="0" hostname="DESKTOP-A6SKKBH" failures="0" tests="5" name="Test" time="60.495" errors="0" timestamp="2025-08-10T12:02:02 IST">
  <testcase classname="Login_Test.LoginTest" name="testLogin" time="8.071"/>
  <testcase classname="Login_Test.LoginTest" name="testLogin" time="8.86"/>
  <testcase classname="Login_Test.LoginTest" name="testLogin" time="10.717"/>
  <testcase classname="Login_Test.LoginTest" name="testLogin" time="6.256"/>
  <testcase classname="Login_Test.LoginTest" name="testLogin" time="12.17"/>
</testsuite> <!-- Test -->
