<?xml version="1.0" encoding="UTF-8"?>
<!-- Generated by org.testng.reporters.JUnitXMLReporter -->
<testsuite ignored="0" hostname="DESKTOP-A6SKKBH" failures="0" tests="5" name="Default test" time="77.484" errors="0" timestamp="2025-08-10T12:19:06 IST">
  <testcase classname="Login_Test.LoginTest" name="testLogin" time="11.489"/>
  <testcase classname="Login_Test.LoginTest" name="testLogin" time="15.503"/>
  <testcase classname="Login_Test.LoginTest" name="testLogin" time="7.267"/>
  <testcase classname="Login_Test.LoginTest" name="testLogin" time="11.798"/>
  <testcase classname="Login_Test.LoginTest" name="testLogin" time="13.272"/>
</testsuite> <!-- Default test -->
