<?xml version="1.0" encoding="UTF-8"?>
<testng-results ignored="0" total="5" passed="5" failed="0" skipped="0">
  <reporter-output>
  </reporter-output>
  <suite started-at="2025-08-10T12:17:49 IST" name="Default suite" finished-at="2025-08-10T12:19:06 IST" duration-ms="77484">
    <groups>
    </groups>
    <test started-at="2025-08-10T12:17:49 IST" name="Default test" finished-at="2025-08-10T12:19:06 IST" duration-ms="77484">
      <class name="Login_Test.LoginTest">
        <test-method is-config="true" signature="setupReport()[pri:0, instance:Login_Test.LoginTest@6c4906d3]" started-at="2025-08-10T12:17:48 IST" name="setupReport" finished-at="2025-08-10T12:17:49 IST" duration-ms="434" status="PASS">
          <reporter-output>
          </reporter-output>
        </test-method> <!-- setupReport -->
        <test-method is-config="true" signature="setupBrowser()[pri:0, instance:Login_Test.LoginTest@6c4906d3]" started-at="2025-08-10T12:17:50 IST" name="setupBrowser" finished-at="2025-08-10T12:17:55 IST" duration-ms="5073" status="PASS">
          <reporter-output>
          </reporter-output>
        </test-method> <!-- setupBrowser -->
        <test-method signature="testLogin(java.lang.String,java.lang.String)[pri:0, instance:Login_Test.LoginTest@6c4906d3]" started-at="2025-08-10T12:17:55 IST" name="testLogin" data-provider="LoginData" finished-at="2025-08-10T12:18:06 IST" duration-ms="11489" status="PASS">
          <params>
            <param index="0">
              <value>
                <![CDATA[admin ]]>
              </value>
            </param>
            <param index="1">
              <value>
                <![CDATA[asd123]]>
              </value>
            </param>
          </params>
          <reporter-output>
          </reporter-output>
        </test-method> <!-- testLogin -->
        <test-method is-config="true" signature="tearDown()[pri:0, instance:Login_Test.LoginTest@6c4906d3]" started-at="2025-08-10T12:18:06 IST" name="tearDown" finished-at="2025-08-10T12:18:07 IST" duration-ms="310" status="PASS">
          <reporter-output>
          </reporter-output>
        </test-method> <!-- tearDown -->
        <test-method is-config="true" signature="setupBrowser()[pri:0, instance:Login_Test.LoginTest@6c4906d3]" started-at="2025-08-10T12:18:07 IST" name="setupBrowser" finished-at="2025-08-10T12:18:11 IST" duration-ms="3829" status="PASS">
          <reporter-output>
          </reporter-output>
        </test-method> <!-- setupBrowser -->
        <test-method signature="testLogin(java.lang.String,java.lang.String)[pri:0, instance:Login_Test.LoginTest@6c4906d3]" started-at="2025-08-10T12:18:11 IST" name="testLogin" data-provider="LoginData" finished-at="2025-08-10T12:18:26 IST" duration-ms="15503" status="PASS">
          <params>
            <param index="0">
              <value>
                <![CDATA[Admin]]>
              </value>
            </param>
            <param index="1">
              <value>
                <![CDATA[admin123]]>
              </value>
            </param>
          </params>
          <reporter-output>
          </reporter-output>
        </test-method> <!-- testLogin -->
        <test-method is-config="true" signature="tearDown()[pri:0, instance:Login_Test.LoginTest@6c4906d3]" started-at="2025-08-10T12:18:26 IST" name="tearDown" finished-at="2025-08-10T12:18:26 IST" duration-ms="331" status="PASS">
          <reporter-output>
          </reporter-output>
        </test-method> <!-- tearDown -->
        <test-method is-config="true" signature="setupBrowser()[pri:0, instance:Login_Test.LoginTest@6c4906d3]" started-at="2025-08-10T12:18:26 IST" name="setupBrowser" finished-at="2025-08-10T12:18:29 IST" duration-ms="2142" status="PASS">
          <reporter-output>
          </reporter-output>
        </test-method> <!-- setupBrowser -->
        <test-method signature="testLogin(java.lang.String,java.lang.String)[pri:0, instance:Login_Test.LoginTest@6c4906d3]" started-at="2025-08-10T12:18:29 IST" name="testLogin" data-provider="LoginData" finished-at="2025-08-10T12:18:36 IST" duration-ms="7267" status="PASS">
          <params>
            <param index="0">
              <value>
                <![CDATA[admin ]]>
              </value>
            </param>
            <param index="1">
              <value>
                <![CDATA[Admi321]]>
              </value>
            </param>
          </params>
          <reporter-output>
          </reporter-output>
        </test-method> <!-- testLogin -->
        <test-method is-config="true" signature="tearDown()[pri:0, instance:Login_Test.LoginTest@6c4906d3]" started-at="2025-08-10T12:18:36 IST" name="tearDown" finished-at="2025-08-10T12:18:36 IST" duration-ms="344" status="PASS">
          <reporter-output>
          </reporter-output>
        </test-method> <!-- tearDown -->
        <test-method is-config="true" signature="setupBrowser()[pri:0, instance:Login_Test.LoginTest@6c4906d3]" started-at="2025-08-10T12:18:36 IST" name="setupBrowser" finished-at="2025-08-10T12:18:38 IST" duration-ms="2092" status="PASS">
          <reporter-output>
          </reporter-output>
        </test-method> <!-- setupBrowser -->
        <test-method signature="testLogin(java.lang.String,java.lang.String)[pri:0, instance:Login_Test.LoginTest@6c4906d3]" started-at="2025-08-10T12:18:38 IST" name="testLogin" data-provider="LoginData" finished-at="2025-08-10T12:18:50 IST" duration-ms="11798" status="PASS">
          <params>
            <param index="0">
              <value>
                <![CDATA[admin ]]>
              </value>
            </param>
            <param index="1">
              <value>
                <![CDATA[Admi321]]>
              </value>
            </param>
          </params>
          <reporter-output>
          </reporter-output>
        </test-method> <!-- testLogin -->
        <test-method is-config="true" signature="tearDown()[pri:0, instance:Login_Test.LoginTest@6c4906d3]" started-at="2025-08-10T12:18:50 IST" name="tearDown" finished-at="2025-08-10T12:18:50 IST" duration-ms="295" status="PASS">
          <reporter-output>
          </reporter-output>
        </test-method> <!-- tearDown -->
        <test-method is-config="true" signature="setupBrowser()[pri:0, instance:Login_Test.LoginTest@6c4906d3]" started-at="2025-08-10T12:18:50 IST" name="setupBrowser" finished-at="2025-08-10T12:18:53 IST" duration-ms="2232" status="PASS">
          <reporter-output>
          </reporter-output>
        </test-method> <!-- setupBrowser -->
        <test-method signature="testLogin(java.lang.String,java.lang.String)[pri:0, instance:Login_Test.LoginTest@6c4906d3]" started-at="2025-08-10T12:18:53 IST" name="testLogin" data-provider="LoginData" finished-at="2025-08-10T12:19:06 IST" duration-ms="13272" status="PASS">
          <params>
            <param index="0">
              <value>
                <![CDATA[admin ]]>
              </value>
            </param>
            <param index="1">
              <value>
                <![CDATA[Admi32]]>
              </value>
            </param>
          </params>
          <reporter-output>
          </reporter-output>
        </test-method> <!-- testLogin -->
        <test-method is-config="true" signature="tearDown()[pri:0, instance:Login_Test.LoginTest@6c4906d3]" started-at="2025-08-10T12:19:06 IST" name="tearDown" finished-at="2025-08-10T12:19:06 IST" duration-ms="257" status="PASS">
          <reporter-output>
          </reporter-output>
        </test-method> <!-- tearDown -->
        <test-method is-config="true" signature="flushReport()[pri:0, instance:Login_Test.LoginTest@6c4906d3]" started-at="2025-08-10T12:19:06 IST" name="flushReport" finished-at="2025-08-10T12:19:07 IST" duration-ms="520" status="PASS">
          <reporter-output>
          </reporter-output>
        </test-method> <!-- flushReport -->
      </class> <!-- Login_Test.LoginTest -->
    </test> <!-- Default test -->
  </suite> <!-- Default suite -->
</testng-results>
